total 36
drwxr-xr-x+  2 41042 589     7 Feb 22 00:21 .
drwxr-xr-x+ 17 41042 589    20 Feb 22 00:21 ..
-rw-r--r--+  1 41042 589 29645 Feb 22 00:21 HeatFluxSimulation_159008.m
-rw-r--r--+  1 41042 589     0 Feb 22 00:21 job_snowf-438927.err
-rw-r--r--+  1 41042 589     0 Feb 22 00:21 job_snowf-438927.out
-rw-r--r--+  1 41042 589   321 Feb 22 00:21 run.sbatch
-rw-r--r--+  1 41042 589     4 Feb 22 00:21 time.txt
/u/pvail/d3d_snowflake_2019/invMap/heatsim/159008/3900
<<>> BEGINNING <<>>
Fri Feb 22 00:21:38 EST 2019

                            < M A T L A B (R) >
                  Copyright 1984-2016 The MathWorks, Inc.
                   R2016b (9.1.0.441655) 64-bit (glnxa64)
                             September 7, 2016

 
To get started, type one of these: helpwin, helpdesk, or demo.
For product information, visit www.mathworks.com.
 
>> >> >> >> >> >> >> >> >> >> >> >> >> >> >> >> >> >> >> >> >> >> >> >> >> >> >> >> >> >> >> >> >> >> >> >> >> >> >> >> >> >> >> >> >> >> >> >> >> >> >> >> >> >> >> >> >> >> read_eq: tokamak was set to the default: DIII-D
CAUTION read_gfile_func: length(pcurrt)= 0 => Assuming No IECURR=2 data
%CAUTION: plasma_current sum(pcur)-cpasma>1.0% want,got: 1173869.88 1194873.3487
%         Re-Normalizing current distribution to cpasma: 1173869.88
>> >> >> >> >> >> >> >> >> >> >> >> >> >> >> >> >> >> >> >> >> >> >> >> >> >> >> >> >> >> >> >> >> >> >> >> >> >> >> >> >> >> >> >> >> >> >> >> >> >> >> >> >> >> >> >> >> >> >> >> >> >> >> >> >> >> >> >> >> >> >> >> >> >> >> >> >> >> >> >> >> >> >> >> >> >> >> >> >> >> >> >> >> >> >> >> >> >> >> >> >> >> >> >> >> >> >> >> >> >> >> >> >> >> >> >> >> >> >> >> >> >> >> >> >> >> >> >> >> >> >> >> >> >> >> >> >> >> >> >> >> >> >> >> >> >> >> >> >> >> >> >> >> >> >> >> >> >> >> >> >> >> >> >> >> >> >> >> >> >> >> >> >> >> >> >> >> >> >> >> >> >> >> >> >> >> >> >> >> >> >> >> >> >> >> >> >> >> >> >> >> >> >> >> >> >> >> >> >> >> >> >> >> >> >> >> >> >> >> >> >> >> >> >> >> >> >> >> >> >> >> >> >> >> >> >> >> >> >> >> >> >> >> >> >> >> >> >> >> >> >> >> >> >> >> >> >> >> >> >> >> >> >> >> >> >> >> >> >> >> >> >> >> >> >> >> >> >> >> >> >> >> >> >> >> >> >> >> >> >> >> >> >> >> >> >> >> >> >> >> >> >> >> >> >> >> >> >> >> >> >> >> >> >> >> >> >> >> >> >> >> >> >> >> >> >> >> >> >> >> >> >> >> >> >> >> >> >> >> >> >> >> >> >> >> >> >> >> >> >> >> >> >> >> >> >> >> >> >> >> >> >> >> >> >> >> >> >> >> >> >> >> >> >> >> >> >> >> >> >> >> >> >> >> >> >> >> >> >> >> >> >> >> >> >> >> >> >> >> >> >> >> >> >> -rw-r--r--+ 1 41042 589 554123 Feb 22 00:25 HeatFluxSimulation_159008_3900.mat
<<>> END <<>>
Fri Feb 22 00:25:44 EST 2019
