/usr/share/Modules/init/sh: line 2: unalias: StripTool: not found
/usr/share/Modules/init/sh: line 2: unalias: dwscope_remote: not found
/usr/share/Modules/init/sh: line 2: unalias: tfmonevents: not found
/usr/share/Modules/init/sh: line 2: unalias: shotclock: not found
/usr/share/Modules/init/sh: line 2: unalias: fas: not found
/usr/share/Modules/init/sh: line 2: unalias: FAS: not found
/usr/share/Modules/init/sh: line 2: unalias: medmfixed: not found
/usr/share/Modules/init/sh: line 2: unalias: efitviewer_new: not found
/usr/share/Modules/init/sh: line 2: unalias: ArchiveViewer: not found
/usr/share/Modules/init/sh: line 2: unalias: reviewplusold: not found
/usr/share/Modules/init/sh: line 2: unalias: dwscope: not found
/usr/share/Modules/init/sh: line 2: unalias: efitviewerbetaold: not found
/usr/share/Modules/init/sh: line 2: unalias: tedi: not found
/usr/share/Modules/init/sh: line 2: unalias: reviewplusga: not found
/usr/share/Modules/init/sh: line 2: unalias: reviewplus: not found
/usr/share/Modules/init/sh: line 2: unalias: traverser: not found
/usr/share/Modules/init/sh: line 2: unalias: bigjscope: not found
/usr/share/Modules/init/sh: line 2: unalias: efitviewerbeta: not found
/usr/share/Modules/init/sh: line 2: unalias: startvdct: not found
/usr/share/Modules/init/sh: line 2: unalias: findufc: not found
/usr/share/Modules/init/sh: line 2: unalias: probe: not found
/usr/share/Modules/init/sh: line 2: unalias: reviewplusnew: not found
/usr/share/Modules/init/sh: line 2: unalias: nstxclock: not found
/usr/share/Modules/init/sh: line 2: unalias: startmedm: not found
/usr/share/Modules/init/sh: line 2: unalias: reviewplus3: not found
/usr/share/Modules/init/sh: line 2: unalias: efitviewerold: not found
/usr/share/Modules/init/sh: line 2: unalias: mplayer: not found
/usr/share/Modules/init/sh: line 2: unalias: jmovie: not found
/usr/share/Modules/init/sh: line 2: unalias: efitviewer: not found
/usr/share/Modules/init/sh: line 2: unalias: medm: not found
/usr/share/Modules/init/sh: line 2: unalias: tcl: not found
/usr/share/Modules/init/sh: line 2: unalias: jscope: not found
/usr/share/Modules/init/sh: line 2: unalias: cleanidl: not found
/usr/share/Modules/init/sh: line 2: unalias: mdir: not found
/usr/share/Modules/init/sh: line 2: unalias: logbook: not found
/usr/share/Modules/init/sh: line 2: unalias: rplga: not found
/usr/share/Modules/init/sh: line 2: unalias: shot: not found
/usr/share/Modules/init/sh: line 2: unalias: startcss: not found
/usr/share/Modules/init/sh: line 2: unalias: tfmonitorevents: not found
