total 36
drwxr-xr-x+  2 41042 589     7 Feb 21 16:48 .
drwxr-xr-x+ 16 41042 589    23 Feb 21 16:48 ..
-rw-r--r--+  1 41042 589 29645 Feb 21 16:48 HeatFluxSimulation_158955.m
-rw-r--r--+  1 41042 589     0 Feb 21 16:48 job_snowf-438645.err
-rw-r--r--+  1 41042 589     0 Feb 21 16:48 job_snowf-438645.out
-rw-r--r--+  1 41042 589   321 Feb 21 16:48 run.sbatch
-rw-r--r--+  1 41042 589     4 Feb 21 16:48 time.txt
/u/pvail/d3d_snowflake_2019/invMap/heatsim/158955/4400
<<>> BEGINNING <<>>
Thu Feb 21 16:48:33 EST 2019

                            < M A T L A B (R) >
                  Copyright 1984-2016 The MathWorks, Inc.
                   R2016b (9.1.0.441655) 64-bit (glnxa64)
                             September 7, 2016

 
To get started, type one of these: helpwin, helpdesk, or demo.
For product information, visit www.mathworks.com.
 
>> >> >> >> >> >> >> >> >> >> >> >> >> >> >> >> >> >> >> >> >> >> >> >> >> >> >> >> >> >> >> >> >> >> >> >> >> >> >> >> >> >> >> >> >> >> >> >> >> >> >> >> >> >> >> >> >> >> read_eq: tokamak was set to the default: DIII-D
CAUTION read_gfile_func: length(pcurrt)= 0 => Assuming No IECURR=2 data
>> >> >> >> >> >> >> >> >> >> >> >> >> >> >> >> >> >> >> >> >> >> >> >> >> >> >> >> >> >> >> >> >> >> >> >> >> >> >> >> >> >> >> >> >> >> >> >> >> >> >> >> >> >> >> >> >> >> >> >> >> >> >> >> >> >> >> >> >> >> >> >> >> >> >> >> >> >> >> >> >> >> >> >> >> >> >> >> >> >> >> >> >> >> >> >> >> >> >> >> >> >> >> >> >> >> >> >> >> >> >> >> >> >> >> >> >> >> >> >> >> >> >> >> >> >> >> >> >> >> >> >> >> >> >> >> >> >> >> >> >> >> >> >> >> >> >> >> >> >> >> >> >> >> >> >> >> >> >> >> >> >> >> >> >> >> >> >> >> >> >> >> >> >> >> >> >> >> >> >> >> >> >> >> >> >> >> >> >> >> >> >> >> >> >> >> >> >> >> >> >> >> >> >> >> >> >> >> >> >> >> >> >> >> >> >> >> >> >> >> >> >> >> >> >> >> >> >> >> >> >> >> >> >> >> >> >> >> >> >> >> >> >> >> >> >> >> >> >> >> >> >> >> >> >> >> >> >> >> >> >> >> >> >> >> >> >> >> >> >> >> >> >> >> >> >> >> >> >> >> >> >> >> >> >> >> >> >> >> >> >> >> >> >> >> >> >> >> >> >> >> >> >> >> >> >> >> >> >> >> >> >> >> >> >> >> >> >> >> >> >> >> >> >> >> >> >> >> >> >> >> >> >> >> >> >> >> >> >> >> >> >> >> >> >> >> >> >> >> >> >> >> >> >> >> >> >> >> >> >> >> >> >> >> >> >> >> >> >> >> >> >> >> >> >> >> >> >> >> >> >> >> >> >> >> >> >> >> >> >> >> >> >> >> >> >> >> >> >> >> >> >> >> >> -rw-r--r--+ 1 41042 589 552317 Feb 21 16:51 HeatFluxSimulation_158955_4400.mat
<<>> END <<>>
Thu Feb 21 16:51:52 EST 2019
