total 5
drwxr-xr-x+  2 41042 589     7 Mar  4 21:36 .
drwxr-xr-x+ 19 41042 589    22 Mar  4 21:36 ..
-rw-r--r--+  1 41042 589 29645 Mar  4 21:36 HeatFluxSimulation_158960.m
-rw-r--r--+  1 41042 589     0 Mar  4 21:36 job_snowf-441112.err
-rw-r--r--+  1 41042 589     0 Mar  4 21:36 job_snowf-441112.out
-rw-r--r--+  1 41042 589   321 Mar  4 21:36 run.sbatch
-rw-r--r--+  1 41042 589     4 Mar  4 21:36 time.txt
/u/pvail/d3d_snowflake_2019/invMap/heatsim/158960/4300
<<>> BEGINNING <<>>
Mon Mar  4 21:36:54 EST 2019

                            < M A T L A B (R) >
                  Copyright 1984-2016 The MathWorks, Inc.
                   R2016b (9.1.0.441655) 64-bit (glnxa64)
                             September 7, 2016

 
To get started, type one of these: helpwin, helpdesk, or demo.
For product information, visit www.mathworks.com.
 
>> >> >> >> >> >> >> >> >> >> >> >> >> >> >> >> >> >> >> >> >> >> >> >> >> >> >> >> >> >> >> >> >> >> >> >> >> >> >> >> >> >> >> >> >> >> >> >> >> >> >> >> >> >> >> >> >> >> read_eq: tokamak was set to the default: DIII-D
CAUTION read_gfile_func: length(pcurrt)= 0 => Assuming No IECURR=2 data
>> >> >> >> >> >> >> >> >> >> >> >> >> >> >> >> >> >> >> >> >> >> >> >> >> >> >> >> >> >> >> >> >> >> >> >> >> >> >> >> >> >> >> >> >> >> >> >> >> >> >> >> >> >> >> >> >> >> >> >> >> >> >> >> >> >> >> >> >> >> >> >> >> >> >> >> >> >> >> >> >> >> >> >> >> >> >> >> >> >> >> >> >> >> >> >> >> >> >> >> >> >> >> >> >> >> >> >> >> >> >> >> >> >> >> >> >> >> >> >> >> >> >> >> >> >> >> >> >> >> >> >> >> >> >> >> >> >> >> >> >> >> >> >> >> >> >> >> >> >> >> >> >> >> >> >> >> >> >> >> >> >> >> >> >> >> >> >> >> >> >> >> >> >> >> >> >> >> >> >> >> >> >> >> >> >> >> >> >> >> >> >> >> >> >> >> >> >> >> >> >> >> >> >> >> >> >> >> >> >> >> >> >> >> >> >> >> >> >> >> >> >> >> >> >> >> >> >> >> >> >> >> >> >> >> >> >> >> >> >> >> >> >> >> >> >> >> >> >> >> >> >> >> >> >> >> >> >> >> >> >> >> >> >> >> >> >> >> >> >> >> >> >> >> >> >> >> >> >> >> >> >> >> >> >> >> >> >> >> >> >> >> >> >> >> >> >> >> >> >> >> >> >> >> >> >> >> >> >> >> >> >> >> >> >> >> >> >> >> >> >> >> >> >> >> >> >> >> >> >> >> >> >> >> >> >> >> >> >> >> >> >> >> >> >> >> >> >> >> >> >> >> >> >> >> >> >> >> >> >> >> >> >> >> >> >> >> >> >> >> >> >> >> >> >> >> >> >> >> >> >> >> >> >> >> >> >> >> >> >> >> >> >> >> >> >> >> >> >> >> >> >> >> >> -rw-r--r--+ 1 41042 589 553051 Mar  4 21:39 HeatFluxSimulation_158960_4300.mat
<<>> END <<>>
Mon Mar  4 21:39:45 EST 2019
